c:\Users\calcadmin\documents\Projects\Distribution_CUDA\Distribution_CUDA\x64\Debug\cl.command.1.tlog
c:\Users\calcadmin\documents\Projects\Distribution_CUDA\Distribution_CUDA\x64\Debug\CL.read.1.tlog
c:\Users\calcadmin\documents\Projects\Distribution_CUDA\Distribution_CUDA\x64\Debug\CL.write.1.tlog
C:\USERS\CALCADMIN\DOCUMENTS\PROJECTS\DISTRIBUTION_CUDA\DISTRIBUTION_CUDA\X64\DEBUG\DISTRIBUTION_CUDA.EXE.EMBED.MANIFEST
C:\USERS\CALCADMIN\DOCUMENTS\PROJECTS\DISTRIBUTION_CUDA\DISTRIBUTION_CUDA\X64\DEBUG\DISTRIBUTION_CUDA.EXE.EMBED.MANIFEST.RES
C:\USERS\CALCADMIN\DOCUMENTS\PROJECTS\DISTRIBUTION_CUDA\DISTRIBUTION_CUDA\X64\DEBUG\DISTRIBUTION_CUDA.EXE.INTERMEDIATE.MANIFEST
c:\Users\calcadmin\documents\Projects\Distribution_CUDA\Distribution_CUDA\x64\Debug\Distribution_CUDA_manifest.rc
C:\USERS\CALCADMIN\DOCUMENTS\PROJECTS\DISTRIBUTION_CUDA\DISTRIBUTION_CUDA\X64\DEBUG\INDEXER.OBJ
c:\Users\calcadmin\documents\Projects\Distribution_CUDA\Distribution_CUDA\x64\Debug\kernel.cu.cache
c:\Users\calcadmin\documents\Projects\Distribution_CUDA\Distribution_CUDA\x64\Debug\kernel.cu.obj
c:\Users\calcadmin\documents\Projects\Distribution_CUDA\Distribution_CUDA\x64\Debug\link.1060.read.1.tlog
c:\Users\calcadmin\documents\Projects\Distribution_CUDA\Distribution_CUDA\x64\Debug\link.1060.write.1.tlog
c:\Users\calcadmin\documents\Projects\Distribution_CUDA\Distribution_CUDA\x64\Debug\link.1060-cvtres.read.1.tlog
c:\Users\calcadmin\documents\Projects\Distribution_CUDA\Distribution_CUDA\x64\Debug\link.1060-cvtres.write.1.tlog
c:\Users\calcadmin\documents\Projects\Distribution_CUDA\Distribution_CUDA\x64\Debug\link.command.1.tlog
c:\Users\calcadmin\documents\Projects\Distribution_CUDA\Distribution_CUDA\x64\Debug\link.read.1.tlog
c:\Users\calcadmin\documents\Projects\Distribution_CUDA\Distribution_CUDA\x64\Debug\link.write.1.tlog
c:\Users\calcadmin\documents\Projects\Distribution_CUDA\Distribution_CUDA\x64\Debug\link-cvtres.read.1.tlog
c:\Users\calcadmin\documents\Projects\Distribution_CUDA\Distribution_CUDA\x64\Debug\link-cvtres.write.1.tlog
c:\Users\calcadmin\documents\Projects\Distribution_CUDA\Distribution_CUDA\x64\Debug\mt.command.1.tlog
c:\Users\calcadmin\documents\Projects\Distribution_CUDA\Distribution_CUDA\x64\Debug\mt.read.1.tlog
c:\Users\calcadmin\documents\Projects\Distribution_CUDA\Distribution_CUDA\x64\Debug\mt.write.1.tlog
c:\Users\calcadmin\documents\Projects\Distribution_CUDA\Distribution_CUDA\x64\Debug\rc.command.1.tlog
c:\Users\calcadmin\documents\Projects\Distribution_CUDA\Distribution_CUDA\x64\Debug\rc.read.1.tlog
c:\Users\calcadmin\documents\Projects\Distribution_CUDA\Distribution_CUDA\x64\Debug\rc.write.1.tlog
c:\Users\calcadmin\documents\Projects\Distribution_CUDA\Distribution_CUDA\x64\Debug\vc100.idb
C:\USERS\CALCADMIN\DOCUMENTS\PROJECTS\DISTRIBUTION_CUDA\DISTRIBUTION_CUDA\X64\DEBUG\VC100.PDB
C:\USERS\CALCADMIN\DOCUMENTS\PROJECTS\DISTRIBUTION_CUDA\X64\DEBUG\DISTRIBUTION_CUDA.EXE
C:\USERS\CALCADMIN\DOCUMENTS\PROJECTS\DISTRIBUTION_CUDA\X64\DEBUG\DISTRIBUTION_CUDA.ILK
C:\USERS\CALCADMIN\DOCUMENTS\PROJECTS\DISTRIBUTION_CUDA\X64\DEBUG\DISTRIBUTION_CUDA.PDB
