Build started 10.03.2012 09:17:16.
     1>Project "C:\Users\calcadmin\documents\Projects\Distribution_CUDA\Distribution_CUDA\Distribution_CUDA.vcxproj" on node 2 (build target(s)).
     1>InitializeBuildStatus:
         Creating "x64\Debug\Distribution_CUDA.unsuccessfulbuild" because "AlwaysCreate" was specified.
       AddCudaCompileDeps:
         C:\Program Files (x86)\Microsoft Visual Studio 10.0\VC\bin\x86_amd64\cl.exe /E /nologo /showIncludes /TP /D__CUDACC__ /I"C:\Program Files\NVIDIA GPU Computing Toolkit\CUDA\v4.1\bin" /I"C:\Program Files\NVIDIA GPU Computing Toolkit\CUDA\v4.1\include" /I. /FIcuda_runtime.h /c C:\Users\calcadmin\documents\Projects\Distribution_CUDA\Distribution_CUDA\kernel.cu 
       AddCudaCompilePropsDeps:
       Skipping target "AddCudaCompilePropsDeps" because all output files are up-to-date with respect to the input files.
       CudaBuild:
         Compiling CUDA source file kernel.cu...
         cmd.exe /C "D:\Temp\7\2c3022379229406d97b7e8280b818b5c.cmd"
         "C:\Program Files\NVIDIA GPU Computing Toolkit\CUDA\v4.1\bin\nvcc.exe" -gencode=arch=compute_13,code=\"sm_13,compute_13\" --use-local-env --cl-version 2010 -ccbin "C:\Program Files (x86)\Microsoft Visual Studio 10.0\VC\bin\x86_amd64"  -I"C:\Program Files\NVIDIA GPU Computing Toolkit\CUDA\v4.1\include"  -G0  --keep-dir "x64\Debug" -maxrregcount=0  --machine 64 --compile  -g    -Xcompiler "/EHsc /nologo /Od /Zi  /MDd " -o "x64\Debug\kernel.cu.obj" "C:\Users\calcadmin\documents\Projects\Distribution_CUDA\Distribution_CUDA\kernel.cu"
         
         C:\Users\calcadmin\documents\Projects\Distribution_CUDA\Distribution_CUDA>"C:\Program Files\NVIDIA GPU Computing Toolkit\CUDA\v4.1\bin\nvcc.exe" -gencode=arch=compute_13,code=\"sm_13,compute_13\" --use-local-env --cl-version 2010 -ccbin "C:\Program Files (x86)\Microsoft Visual Studio 10.0\VC\bin\x86_amd64"  -I"C:\Program Files\NVIDIA GPU Computing Toolkit\CUDA\v4.1\include"  -G0  --keep-dir "x64\Debug" -maxrregcount=0  --machine 64 --compile  -g    -Xcompiler "/EHsc /nologo /Od /Zi  /MDd " -o "x64\Debug\kernel.cu.obj" "C:\Users\calcadmin\documents\Projects\Distribution_CUDA\Distribution_CUDA\kernel.cu" 
         kernel.cu
     1>C:/Users/calcadmin/documents/Projects/Distribution_CUDA/Distribution_CUDA/kernel.cu(436): warning : variable "setted_bits_dbg" was declared but never referenced
         
         tmpxft_0000153c_00000000-0_kernel.cudafe1.gpu
         tmpxft_0000153c_00000000-5_kernel.cudafe2.gpu
         kernel.cu
     1>C:/Users/calcadmin/documents/Projects/Distribution_CUDA/Distribution_CUDA/kernel.cu(436): warning : variable "setted_bits_dbg" was declared but never referenced
         
     1>C:\Program Files\NVIDIA GPU Computing Toolkit\CUDA\v4.1\include\thrust/iterator/detail/transform_iterator.inl(94): warning : Cannot tell what pointer points to, assuming global memory space
     1>C:\Program Files\NVIDIA GPU Computing Toolkit\CUDA\v4.1\include\thrust/iterator/detail/transform_iterator.inl(94): warning : Cannot tell what pointer points to, assuming global memory space
     1>C:\Program Files\NVIDIA GPU Computing Toolkit\CUDA\v4.1\include\thrust/detail/backend/cuda/reduce.inl(142): warning : Cannot tell what pointer points to, assuming global memory space
     1>C:\Program Files\NVIDIA GPU Computing Toolkit\CUDA\v4.1\include\thrust/detail/backend/cuda/reduce.inl(90): warning : Cannot tell what pointer points to, assuming global memory space
     1>C:\Program Files\NVIDIA GPU Computing Toolkit\CUDA\v4.1\include\thrust/detail/backend/cuda/reduce.inl(97): warning : Cannot tell what pointer points to, assuming global memory space
     1>C:\Program Files\NVIDIA GPU Computing Toolkit\CUDA\v4.1\include\thrust/detail/backend/cuda/reduce.inl(142): warning : Cannot tell what pointer points to, assuming global memory space
         tmpxft_0000153c_00000000-0_kernel.cudafe1.cpp
         tmpxft_0000153c_00000000-11_kernel.ii
         Deleting file "tmpxft_0000153c_00000000-6_kernel.cpp3.o".
       ClCompile:
         All outputs are up-to-date.
       ManifestResourceCompile:
         All outputs are up-to-date.
       Link:
         C:\Program Files (x86)\Microsoft Visual Studio 10.0\VC\bin\x86_amd64\link.exe /ERRORREPORT:PROMPT /OUT:"C:\Users\calcadmin\documents\Projects\Distribution_CUDA\x64\Debug\Distribution_CUDA.exe" /INCREMENTAL /NOLOGO /LIBPATH:"C:\Program Files\NVIDIA GPU Computing Toolkit\CUDA\v4.1\lib\x64" cudart.lib kernel32.lib user32.lib gdi32.lib winspool.lib comdlg32.lib advapi32.lib shell32.lib ole32.lib oleaut32.lib uuid.lib odbc32.lib odbccp32.lib kernel32.lib user32.lib gdi32.lib winspool.lib comdlg32.lib advapi32.lib shell32.lib ole32.lib oleaut32.lib uuid.lib odbc32.lib odbccp32.lib /MANIFEST /ManifestFile:"x64\Debug\Distribution_CUDA.exe.intermediate.manifest" /MANIFESTUAC:"level='asInvoker' uiAccess='false'" /DEBUG /PDB:"C:\Users\calcadmin\documents\Projects\Distribution_CUDA\x64\Debug\Distribution_CUDA.pdb" /SUBSYSTEM:CONSOLE /TLBID:1 /DYNAMICBASE /NXCOMPAT /IMPLIB:"C:\Users\calcadmin\documents\Projects\Distribution_CUDA\x64\Debug\Distribution_CUDA.lib" /MACHINE:X64 x64\Debug\kernel.cu.obj
         x64\Debug\Distribution_CUDA.exe.embed.manifest.res
         x64\Debug\Indexer.obj
         Distribution_CUDA.vcxproj -> C:\Users\calcadmin\documents\Projects\Distribution_CUDA\x64\Debug\Distribution_CUDA.exe
       Manifest:
         C:\Program Files (x86)\Microsoft SDKs\Windows\v7.0A\bin\mt.exe /nologo /verbose /out:"x64\Debug\Distribution_CUDA.exe.embed.manifest" /manifest x64\Debug\Distribution_CUDA.exe.intermediate.manifest
         All outputs are up-to-date.
       LinkEmbedManifest:
         All outputs are up-to-date.
         Distribution_CUDA.vcxproj -> C:\Users\calcadmin\documents\Projects\Distribution_CUDA\x64\Debug\Distribution_CUDA.exe
       PostBuildEvent:
         echo copy "C:\Program Files\NVIDIA GPU Computing Toolkit\CUDA\v4.1\bin\cudart*.dll" "C:\Users\calcadmin\documents\Projects\Distribution_CUDA\x64\Debug\"
         copy "C:\Program Files\NVIDIA GPU Computing Toolkit\CUDA\v4.1\bin\cudart*.dll" "C:\Users\calcadmin\documents\Projects\Distribution_CUDA\x64\Debug\"
         :VCEnd
         copy "C:\Program Files\NVIDIA GPU Computing Toolkit\CUDA\v4.1\bin\cudart*.dll" "C:\Users\calcadmin\documents\Projects\Distribution_CUDA\x64\Debug\"
         C:\Program Files\NVIDIA GPU Computing Toolkit\CUDA\v4.1\bin\cudart32_41_28.dll
         C:\Program Files\NVIDIA GPU Computing Toolkit\CUDA\v4.1\bin\cudart64_41_28.dll
                 2 file(s) copied.
       FinalizeBuildStatus:
         Deleting file "x64\Debug\Distribution_CUDA.unsuccessfulbuild".
         Touching "x64\Debug\Distribution_CUDA.lastbuildstate".
     1>Done Building Project "C:\Users\calcadmin\documents\Projects\Distribution_CUDA\Distribution_CUDA\Distribution_CUDA.vcxproj" (build target(s)).

Build succeeded.

Time Elapsed 00:00:18.77
